0 info it worked if it ends with ok
1 verbose cli [ '/opt/local/bin/node',
1 verbose cli   '/opt/local/bin/npm',
1 verbose cli   'install',
1 verbose cli   'zlib',
1 verbose cli   '--save' ]
2 info using npm@2.6.1
3 info using node@v0.12.4
4 warn package.json async@1.4.2 No README data
5 warn package.json crypto@0.0.3 crypto is also the name of a node core module.
6 silly cache add args [ 'zlib', null ]
7 verbose cache add spec zlib
8 silly cache add parsed spec { raw: 'zlib',
8 silly cache add   scope: null,
8 silly cache add   name: 'zlib',
8 silly cache add   rawSpec: '',
8 silly cache add   spec: '*',
8 silly cache add   type: 'range' }
9 verbose addNamed zlib@*
10 silly addNamed semver.valid null
11 silly addNamed semver.validRange *
12 silly addNameRange { name: 'zlib', range: '*', hasData: false }
13 silly mapToRegistry name zlib
14 silly mapToRegistry using default registry
15 silly mapToRegistry registry https://registry.npmjs.org/
16 silly mapToRegistry uri https://registry.npmjs.org/zlib
17 verbose addNameRange registry:https://registry.npmjs.org/zlib not in flight; fetching
18 verbose request uri https://registry.npmjs.org/zlib
19 verbose request no auth needed
20 info attempt registry request try #1 at 下午4:15:47
21 verbose request using bearer token for auth
22 verbose request id 0c8577ace6489ffa
23 verbose etag "EBQNZSBGN9EL34IT3BLYCYHQA"
24 http request GET https://registry.npmjs.org/zlib
25 http 304 https://registry.npmjs.org/zlib
26 silly get cb [ 304,
26 silly get   { 'cache-control': 'max-age=60',
26 silly get     'accept-ranges': 'bytes',
26 silly get     date: 'Thu, 03 Sep 2015 08:15:45 GMT',
26 silly get     via: '1.1 varnish',
26 silly get     connection: 'keep-alive',
26 silly get     'x-served-by': 'cache-nrt6120-NRT',
26 silly get     'x-cache': 'MISS',
26 silly get     'x-cache-hits': '0',
26 silly get     'x-timer': 'S1441268144.906444,VS0,VE190' } ]
27 verbose etag https://registry.npmjs.org/zlib from cache
28 verbose get saving zlib to /Users/louzhenghao/.npm/registry.npmjs.org/zlib/.cache.json
29 silly addNameRange number 2 { name: 'zlib', range: '*', hasData: true }
30 silly addNameRange versions [ 'zlib',
30 silly addNameRange   [ '1.0.0', '1.0.1', '1.0.2', '1.0.3', '1.0.4', '1.0.5' ] ]
31 verbose addNamed zlib@1.0.5
32 silly addNamed semver.valid 1.0.5
33 silly addNamed semver.validRange 1.0.5
34 silly cache afterAdd zlib@1.0.5
35 verbose afterAdd /Users/louzhenghao/.npm/zlib/1.0.5/package/package.json not in flight; writing
36 verbose afterAdd /Users/louzhenghao/.npm/zlib/1.0.5/package/package.json written
37 silly install resolved [ { name: 'zlib',
37 silly install resolved     description: 'Simple, synchronous deflate/inflate for buffers',
37 silly install resolved     version: '1.0.5',
37 silly install resolved     homepage: 'https://github.com/kkaefer/node-zlib',
37 silly install resolved     author: { name: 'Konstantin Käfer', email: 'kkaefer@gmail.com' },
37 silly install resolved     repository: { type: 'git', url: 'git://github.com/kkaefer/node-zlib.git' },
37 silly install resolved     engines: { node: '>=0.2.0' },
37 silly install resolved     licenses: [ [Object] ],
37 silly install resolved     main: './lib/zlib',
37 silly install resolved     _npmJsonOpts:
37 silly install resolved      { file: '/Users/kkaefer/.npm/zlib/1.0.5/package/package.json',
37 silly install resolved        contributors: false,
37 silly install resolved        serverjs: false,
37 silly install resolved        wscript: true },
37 silly install resolved     _id: 'zlib@1.0.5',
37 silly install resolved     scripts: { preinstall: 'node-waf clean || true; node-waf configure build' },
37 silly install resolved     dependencies: {},
37 silly install resolved     devDependencies: {},
37 silly install resolved     _engineSupported: true,
37 silly install resolved     _npmVersion: '1.0.23',
37 silly install resolved     _nodeVersion: 'v0.4.9',
37 silly install resolved     _defaultsLoaded: true,
37 silly install resolved     dist:
37 silly install resolved      { shasum: '6e7c972fc371c645a6afb03ab14769def114fcc0',
37 silly install resolved        tarball: 'http://registry.npmjs.org/zlib/-/zlib-1.0.5.tgz' },
37 silly install resolved     maintainers: [ [Object], [Object], [Object], [Object], [Object] ],
37 silly install resolved     directories: {},
37 silly install resolved     _shasum: '6e7c972fc371c645a6afb03ab14769def114fcc0',
37 silly install resolved     _resolved: 'https://registry.npmjs.org/zlib/-/zlib-1.0.5.tgz',
37 silly install resolved     _from: 'zlib@*',
37 silly install resolved     bugs: { url: 'https://github.com/kkaefer/node-zlib/issues' },
37 silly install resolved     readme: 'ERROR: No README data found!' } ]
38 info install zlib@1.0.5 into /Users/louzhenghao/Documents/starcard/StarCard-1
39 info installOne zlib@1.0.5
40 verbose installOne of zlib to /Users/louzhenghao/Documents/starcard/StarCard-1 not in flight; installing
41 verbose lock using /Users/louzhenghao/.npm/_locks/zlib-175046211c84f64c.lock for /Users/louzhenghao/Documents/starcard/StarCard-1/node_modules/zlib
42 silly install write writing zlib 1.0.5 to /Users/louzhenghao/Documents/starcard/StarCard-1/node_modules/zlib
43 silly cache addNamed cb zlib@1.0.5
44 verbose unbuild node_modules/zlib
45 verbose gentlyRm vacuuming /Users/louzhenghao/Documents/starcard/StarCard-1/node_modules/zlib
46 verbose tar unpack /Users/louzhenghao/.npm/zlib/1.0.5/package.tgz
47 verbose tar unpacking to /Users/louzhenghao/Documents/starcard/StarCard-1/node_modules/zlib
48 verbose gentlyRm vacuuming /Users/louzhenghao/Documents/starcard/StarCard-1/node_modules/zlib
49 silly gunzTarPerm modes [ '755', '644' ]
50 silly gunzTarPerm extractEntry .gitignore
51 silly gunzTarPerm extractEntry configure
52 silly gunzTarPerm extractEntry index.js
53 silly gunzTarPerm extractEntry LICENSE
54 silly gunzTarPerm extractEntry Makefile
55 silly gunzTarPerm extractEntry package.json
56 silly gunzTarPerm extractEntry README.md
57 silly gunzTarPerm extractEntry wscript
58 silly gunzTarPerm extractEntry lib/zlib.js
59 silly gunzTarPerm extractEntry src/node-zlib.cc
60 silly gunzTarPerm extractEntry test/deflate.test.js
61 silly gunzTarPerm extractEntry test/inflate.test.js
62 info preinstall zlib@1.0.5
63 verbose unsafe-perm in lifecycle true
64 info zlib@1.0.5 Failed to exec preinstall script
65 verbose unlock done using /Users/louzhenghao/.npm/_locks/zlib-175046211c84f64c.lock for /Users/louzhenghao/Documents/starcard/StarCard-1/node_modules/zlib
66 verbose stack Error: zlib@1.0.5 preinstall: `node-waf clean || true; node-waf configure build`
66 verbose stack Exit status 127
66 verbose stack     at EventEmitter.<anonymous> (/opt/local/lib/node_modules/npm/lib/utils/lifecycle.js:213:16)
66 verbose stack     at EventEmitter.emit (events.js:110:17)
66 verbose stack     at ChildProcess.<anonymous> (/opt/local/lib/node_modules/npm/lib/utils/spawn.js:14:12)
66 verbose stack     at ChildProcess.emit (events.js:110:17)
66 verbose stack     at maybeClose (child_process.js:1015:16)
66 verbose stack     at Process.ChildProcess._handle.onexit (child_process.js:1087:5)
67 verbose pkgid zlib@1.0.5
68 verbose cwd /Users/louzhenghao/Documents/starcard/StarCard-1
69 error Darwin 14.1.0
70 error argv "/opt/local/bin/node" "/opt/local/bin/npm" "install" "zlib" "--save"
71 error node v0.12.4
72 error npm  v2.6.1
73 error code ELIFECYCLE
74 error zlib@1.0.5 preinstall: `node-waf clean || true; node-waf configure build`
74 error Exit status 127
75 error Failed at the zlib@1.0.5 preinstall script 'node-waf clean || true; node-waf configure build'.
75 error This is most likely a problem with the zlib package,
75 error not with npm itself.
75 error Tell the author that this fails on your system:
75 error     node-waf clean || true; node-waf configure build
75 error You can get their info via:
75 error     npm owner ls zlib
75 error There is likely additional logging output above.
76 verbose exit [ 1, true ]
77 verbose unbuild node_modules/zlib
78 info preuninstall zlib@1.0.5
79 info uninstall zlib@1.0.5
80 verbose unbuild rmStuff zlib@1.0.5 from /Users/louzhenghao/Documents/starcard/StarCard-1/node_modules
81 info postuninstall zlib@1.0.5
82 verbose gentlyRm vacuuming /Users/louzhenghao/Documents/starcard/StarCard-1/node_modules/zlib
83 silly gentlyRm purging /Users/louzhenghao/Documents/starcard/StarCard-1/node_modules/zlib
84 silly gentlyRm quitting because other entries in /Users/louzhenghao/Documents/starcard/StarCard-1/node_modules
