[2015-08-25 17:42:42.025] [DEBUG] normal - GET /
[2015-08-25 17:42:42.213] [DEBUG] normal - GET /media/css/bootstrap.min.css
[2015-08-25 17:42:42.258] [DEBUG] normal - GET /media/css/bootstrap-responsive.min.css
[2015-08-25 17:42:42.260] [DEBUG] normal - GET /media/css/default.css
[2015-08-25 17:42:42.261] [DEBUG] normal - GET /media/css/font-awesome.min.css
[2015-08-25 17:42:42.261] [DEBUG] normal - GET /media/css/style.css
[2015-08-25 17:42:42.262] [DEBUG] normal - GET /media/css/style-metro.css
[2015-08-25 17:42:42.265] [DEBUG] normal - GET /media/css/style-responsive.css
[2015-08-25 17:42:42.284] [DEBUG] normal - GET /media/css/jquery.gritter.css
[2015-08-25 17:42:42.285] [DEBUG] normal - GET /media/css/fullcalendar.css
[2015-08-25 17:42:42.286] [DEBUG] normal - GET /media/css/jquery.easy-pie-chart.css
[2015-08-25 17:42:42.289] [DEBUG] normal - GET /media/css/daterangepicker.css
[2015-08-25 17:42:42.289] [DEBUG] normal - GET /media/css/uniform.default.css
[2015-08-25 17:42:42.290] [DEBUG] normal - GET /media/css/jqvmap.css
[2015-08-25 17:42:42.368] [DEBUG] normal - GET /media/js/jquery-migrate-1.2.1.min.js
[2015-08-25 17:42:42.369] [DEBUG] normal - GET /media/js/bootstrap.min.js
[2015-08-25 17:42:42.374] [DEBUG] normal - GET /media/js/jquery.blockui.min.js
[2015-08-25 17:42:42.375] [DEBUG] normal - GET /media/js/jquery.uniform.min.js
[2015-08-25 17:42:42.375] [DEBUG] normal - GET /media/js/jquery.vmap.russia.js
[2015-08-25 17:42:42.375] [DEBUG] normal - GET /media/js/jquery.vmap.europe.js
[2015-08-25 17:42:42.416] [DEBUG] normal - GET /media/js/jquery.vmap.usa.js
[2015-08-25 17:42:42.416] [DEBUG] normal - GET /media/js/jquery.flot.js
[2015-08-25 17:42:42.429] [DEBUG] normal - GET /media/js/jquery.flot.resize.js
[2015-08-25 17:42:42.429] [DEBUG] normal - GET /media/js/jquery.vmap.sampledata.js
[2015-08-25 17:42:42.430] [DEBUG] normal - GET /media/js/jquery.pulsate.min.js
[2015-08-25 17:42:42.431] [DEBUG] normal - GET /media/js/date.js
[2015-08-25 17:42:42.449] [DEBUG] normal - GET /media/js/daterangepicker.js
[2015-08-25 17:42:42.450] [DEBUG] normal - GET /media/js/jquery.gritter.js
[2015-08-25 17:42:42.473] [DEBUG] normal - GET /media/js/app.js
[2015-08-25 17:42:42.474] [DEBUG] normal - GET /media/js/jquery.easy-pie-chart.js
[2015-08-25 17:42:42.474] [DEBUG] normal - GET /media/js/fullcalendar.min.js
[2015-08-25 17:42:42.475] [DEBUG] normal - GET /media/js/jquery-ui-1.10.1.custom.min.js
[2015-08-25 17:42:42.485] [DEBUG] normal - GET /media/js/jquery.cookie.min.js
[2015-08-25 17:42:42.498] [DEBUG] normal - GET /media/js/jquery.vmap.world.js
[2015-08-25 17:42:42.505] [DEBUG] normal - GET /media/js/jquery.sparkline.min.js
[2015-08-25 17:42:42.506] [DEBUG] normal - GET /media/js/jquery-1.10.1.min.js
[2015-08-25 17:42:42.510] [DEBUG] normal - GET /media/js/jquery.vmap.js
[2015-08-25 17:42:42.512] [DEBUG] normal - GET /media/js/index.js
[2015-08-25 17:42:42.519] [DEBUG] normal - GET /media/js/jquery.vmap.germany.js
[2015-08-25 17:42:42.530] [DEBUG] normal - GET /media/js/jquery.slimscroll.min.js
[2015-08-25 17:42:42.530] [DEBUG] normal - GET /media/image/avatar2.jpg
[2015-08-25 17:42:42.536] [DEBUG] normal - GET /media/image/avatar3.jpg
[2015-08-25 17:42:42.536] [DEBUG] normal - GET /media/image/avatar1_small.jpg
[2015-08-25 17:42:42.537] [DEBUG] normal - GET /media/image/avatar.png
[2015-08-25 17:42:42.542] [DEBUG] normal - GET /media/image/menu-toggler.png
[2015-08-25 17:42:42.546] [DEBUG] normal - GET /media/image/loading.gif
[2015-08-25 17:42:42.547] [DEBUG] normal - GET /media/image/logo.png
[2015-08-25 17:42:42.551] [DEBUG] normal - GET /media/image/avatar1.jpg
[2015-08-25 17:42:43.691] [DEBUG] normal - GET /admin/query
[2015-08-25 17:42:43.792] [DEBUG] normal - GET /admin/media/css/bootstrap-responsive.min.css
[2015-08-25 17:42:43.799] [DEBUG] normal - GET /admin/media/css/bootstrap.min.css
[2015-08-25 17:42:43.801] [DEBUG] normal - GET /admin/media/css/style-metro.css
[2015-08-25 17:42:43.803] [DEBUG] normal - GET /admin/media/css/style-responsive.css
[2015-08-25 17:42:43.812] [DEBUG] normal - GET /admin/media/css/font-awesome.min.css
[2015-08-25 17:42:43.823] [DEBUG] normal - GET /admin/media/css/default.css
[2015-08-25 17:42:43.826] [DEBUG] normal - GET /admin/media/css/style.css
[2015-08-25 17:42:43.838] [DEBUG] normal - GET /admin/media/css/uniform.default.css
[2015-08-25 17:42:43.840] [DEBUG] normal - GET /admin/media/css/select2_metro.css
[2015-08-25 17:42:43.842] [DEBUG] normal - GET /admin/media/css/DT_bootstrap.css
[2015-08-25 17:42:43.853] [DEBUG] normal - GET /admin/media/js/jquery-migrate-1.2.1.min.js
[2015-08-25 17:42:43.857] [DEBUG] normal - GET /admin/media/js/jquery-1.10.1.min.js
[2015-08-25 17:42:43.859] [DEBUG] normal - GET /admin/media/image/css
[2015-08-25 17:42:43.868] [DEBUG] normal - GET /admin/media/js/jquery.slimscroll.min.js
[2015-08-25 17:42:43.870] [DEBUG] normal - GET /admin/media/js/bootstrap.min.js
[2015-08-25 17:42:43.874] [DEBUG] normal - GET /admin/media/js/jquery-ui-1.10.1.custom.min.js
[2015-08-25 17:42:43.876] [DEBUG] normal - GET /admin/media/js/jquery.blockui.min.js
[2015-08-25 17:42:43.877] [DEBUG] normal - GET /admin/media/js/jquery.cookie.min.js
[2015-08-25 17:42:43.879] [DEBUG] normal - GET /admin/media/js/jquery.uniform.min.js
[2015-08-25 17:42:43.890] [DEBUG] normal - GET /admin/media/js/select2.min.js
[2015-08-25 17:42:43.896] [DEBUG] normal - GET /admin/media/js/DT_bootstrap.js
[2015-08-25 17:42:43.899] [DEBUG] normal - GET /admin/media/js/app.js
[2015-08-25 17:42:43.901] [DEBUG] normal - GET /admin/media/image/logo.png
[2015-08-25 17:42:43.902] [DEBUG] normal - GET /admin/media/js/table-managed.js
[2015-08-25 17:42:43.904] [DEBUG] normal - GET /admin/media/image/menu-toggler.png
[2015-08-25 17:42:43.906] [DEBUG] normal - GET /admin/media/js/jquery.dataTables.js
[2015-08-25 17:42:43.938] [DEBUG] normal - GET /admin/media/image/sidebar-menu-arrow.png
[2015-08-25 17:42:44.050] [DEBUG] normal - GET /admin/media/image/fontawesome-webfont.woff
[2015-08-25 17:42:44.384] [DEBUG] normal - GET /admin/
[2015-08-25 17:42:44.427] [DEBUG] normal - POST /admin/query
[2015-08-25 17:42:45.797] [DEBUG] normal - GET /admin/
[2015-08-25 17:42:46.641] [DEBUG] normal - GET /admin/login
[2015-08-25 17:42:46.699] [DEBUG] normal - GET /admin/media/css/bootstrap.min.css
[2015-08-25 17:42:46.727] [DEBUG] normal - GET /admin/media/css/bootstrap-responsive.min.css
[2015-08-25 17:42:46.728] [DEBUG] normal - GET /admin/media/css/font-awesome.min.css
[2015-08-25 17:42:46.729] [DEBUG] normal - GET /admin/media/css/style-metro.css
[2015-08-25 17:42:46.733] [DEBUG] normal - GET /admin/media/css/style.css
[2015-08-25 17:42:46.735] [DEBUG] normal - GET /admin/media/css/default.css
[2015-08-25 17:42:46.747] [DEBUG] normal - GET /admin/media/js/jquery.slimscroll.min.js
[2015-08-25 17:42:46.749] [DEBUG] normal - GET /admin/media/js/jquery.cookie.min.js
[2015-08-25 17:42:46.751] [DEBUG] normal - GET /admin/media/css/style-responsive.css
[2015-08-25 17:42:46.754] [DEBUG] normal - GET /admin/media/css/uniform.default.css
[2015-08-25 17:42:46.759] [DEBUG] normal - GET /admin/media/css/login.css
[2015-08-25 17:42:46.760] [DEBUG] normal - GET /admin/media/js/jquery.validate.min.js
[2015-08-25 17:42:46.761] [DEBUG] normal - GET /admin/media/js/jquery.blockui.min.js
[2015-08-25 17:42:46.763] [DEBUG] normal - GET /admin/media/js/jquery.uniform.min.js
[2015-08-25 17:42:46.765] [DEBUG] normal - GET /admin/media/js/app.js
[2015-08-25 17:42:46.768] [DEBUG] normal - GET /admin/media/js/jquery-migrate-1.2.1.min.js
[2015-08-25 17:42:46.769] [DEBUG] normal - GET /admin/media/js/bootstrap.min.js
[2015-08-25 17:42:46.771] [DEBUG] normal - GET /admin/media/image/css
[2015-08-25 17:42:46.772] [DEBUG] normal - GET /admin/media/js/jquery-ui-1.10.1.custom.min.js
[2015-08-25 17:42:46.773] [DEBUG] normal - GET /admin/media/image/logo-big.png
[2015-08-25 17:42:46.806] [DEBUG] normal - GET /admin/media/image/syncfusion-icons-white.png
[2015-08-25 17:42:46.987] [DEBUG] normal - GET /admin/media/image/fontawesome-webfont.woff
[2015-08-25 17:44:09.565] [DEBUG] normal - GET /admin/login
[2015-08-25 17:44:09.595] [DEBUG] normal - GET /admin/media/css/bootstrap.min.css
[2015-08-25 17:44:09.602] [DEBUG] normal - GET /admin/media/css/default.css
[2015-08-25 17:44:09.603] [DEBUG] normal - GET /admin/media/css/bootstrap-responsive.min.css
[2015-08-25 17:44:09.604] [DEBUG] normal - GET /admin/media/css/font-awesome.min.css
[2015-08-25 17:44:09.608] [DEBUG] normal - GET /admin/media/css/style.css
[2015-08-25 17:44:09.610] [DEBUG] normal - GET /admin/media/css/style-metro.css
[2015-08-25 17:44:09.611] [DEBUG] normal - GET /admin/media/css/style-responsive.css
[2015-08-25 17:44:09.613] [DEBUG] normal - GET /admin/media/css/uniform.default.css
[2015-08-25 17:44:09.615] [DEBUG] normal - GET /admin/media/image/css
[2015-08-25 17:44:09.616] [DEBUG] normal - GET /admin/media/css/login.css
[2015-08-25 17:44:09.618] [DEBUG] normal - GET /admin/media/image/logo-big.png
[2015-08-25 17:44:10.565] [DEBUG] normal - GET /admin/media/image/sprite.png
[2015-08-25 17:45:23.462] [DEBUG] normal - GET /admin/login
[2015-08-25 17:45:23.477] [DEBUG] normal - GET /admin/media/css/bootstrap.min.css
[2015-08-25 17:45:23.484] [DEBUG] normal - GET /admin/media/css/default.css
[2015-08-25 17:45:23.487] [DEBUG] normal - GET /admin/media/css/bootstrap-responsive.min.css
[2015-08-25 17:45:23.488] [DEBUG] normal - GET /admin/media/css/uniform.default.css
[2015-08-25 17:45:23.492] [DEBUG] normal - GET /admin/media/css/font-awesome.min.css
[2015-08-25 17:45:23.493] [DEBUG] normal - GET /admin/media/css/style-metro.css
[2015-08-25 17:45:23.494] [DEBUG] normal - GET /admin/media/css/style.css
[2015-08-25 17:45:23.496] [DEBUG] normal - GET /admin/media/css/login.css
[2015-08-25 17:45:23.503] [DEBUG] normal - GET /admin/media/css/style-responsive.css
[2015-08-25 17:45:23.504] [DEBUG] normal - GET /admin/media/image/logo-big.png
[2015-08-25 17:45:23.507] [DEBUG] normal - GET /admin/media/image/css
[2015-08-25 17:45:35.061] [DEBUG] normal - GET /admin/login
[2015-08-25 17:45:35.089] [DEBUG] normal - GET /admin/media/css/bootstrap.min.css
[2015-08-25 17:45:35.096] [DEBUG] normal - GET /admin/media/css/default.css
[2015-08-25 17:45:35.097] [DEBUG] normal - GET /admin/media/css/bootstrap-responsive.min.css
[2015-08-25 17:45:35.098] [DEBUG] normal - GET /admin/media/css/font-awesome.min.css
[2015-08-25 17:45:35.099] [DEBUG] normal - GET /admin/media/css/style-metro.css
[2015-08-25 17:45:35.102] [DEBUG] normal - GET /admin/media/css/style.css
[2015-08-25 17:45:35.104] [DEBUG] normal - GET /admin/media/css/style-responsive.css
[2015-08-25 17:45:35.106] [DEBUG] normal - GET /admin/media/css/uniform.default.css
[2015-08-25 17:45:35.107] [DEBUG] normal - GET /admin/media/image/css
[2015-08-25 17:45:35.109] [DEBUG] normal - GET /admin/media/css/login.css
[2015-08-25 17:45:35.112] [DEBUG] normal - GET /admin/media/image/logo-big.png
[2015-08-25 17:48:38.807] [DEBUG] normal - GET /admin/login
[2015-08-25 17:48:38.838] [DEBUG] normal - GET /admin/media/css/bootstrap.min.css
[2015-08-25 17:48:38.845] [DEBUG] normal - GET /admin/media/css/default.css
[2015-08-25 17:48:38.846] [DEBUG] normal - GET /admin/media/css/bootstrap-responsive.min.css
[2015-08-25 17:48:38.848] [DEBUG] normal - GET /admin/media/css/style-metro.css
[2015-08-25 17:48:38.851] [DEBUG] normal - GET /admin/media/css/font-awesome.min.css
[2015-08-25 17:48:38.852] [DEBUG] normal - GET /admin/media/css/style-responsive.css
[2015-08-25 17:48:38.854] [DEBUG] normal - GET /admin/media/css/style.css
[2015-08-25 17:48:38.856] [DEBUG] normal - GET /admin/media/css/uniform.default.css
[2015-08-25 17:48:38.858] [DEBUG] normal - GET /admin/media/css/login.css
[2015-08-25 17:48:38.861] [DEBUG] normal - GET /admin/media/image/logo-big.png
[2015-08-25 17:48:38.904] [DEBUG] normal - GET /admin/media/image/css
[2015-08-25 17:49:53.751] [DEBUG] normal - GET /admin/login
[2015-08-25 17:49:53.785] [DEBUG] normal - GET /admin/media/css/bootstrap.min.css
[2015-08-25 17:49:53.789] [DEBUG] normal - GET /admin/media/css/bootstrap-responsive.min.css
[2015-08-25 17:49:53.795] [DEBUG] normal - GET /admin/media/css/default.css
[2015-08-25 17:49:53.796] [DEBUG] normal - GET /admin/media/css/style-metro.css
[2015-08-25 17:49:53.798] [DEBUG] normal - GET /admin/media/css/font-awesome.min.css
[2015-08-25 17:49:53.799] [DEBUG] normal - GET /admin/media/css/style-responsive.css
[2015-08-25 17:49:53.800] [DEBUG] normal - GET /admin/media/css/uniform.default.css
[2015-08-25 17:49:53.804] [DEBUG] normal - GET /admin/media/css/style.css
[2015-08-25 17:49:53.810] [DEBUG] normal - GET /admin/media/js/bootstrap.min.js
[2015-08-25 17:49:53.811] [DEBUG] normal - GET /admin/media/js/jquery-migrate-1.2.1.min.js
[2015-08-25 17:49:53.812] [DEBUG] normal - GET /admin/media/js/jquery.cookie.min.js
[2015-08-25 17:49:53.814] [DEBUG] normal - GET /admin/media/js/jquery.validate.min.js
[2015-08-25 17:49:53.815] [DEBUG] normal - GET /admin/media/css/login.css
[2015-08-25 17:49:53.816] [DEBUG] normal - GET /admin/media/js/jquery-ui-1.10.1.custom.min.js
[2015-08-25 17:49:53.824] [DEBUG] normal - GET /admin/media/js/jquery.slimscroll.min.js
[2015-08-25 17:49:53.829] [DEBUG] normal - GET /admin/media/js/jquery.blockui.min.js
[2015-08-25 17:49:53.831] [DEBUG] normal - GET /admin/media/js/jquery.uniform.min.js
[2015-08-25 17:49:53.833] [DEBUG] normal - GET /admin/media/js/app.js
[2015-08-25 17:49:53.841] [DEBUG] normal - GET /admin/media/image/logo-big.png
[2015-08-25 17:49:53.844] [DEBUG] normal - GET /admin/media/image/css
[2015-08-25 18:39:09.586] [DEBUG] normal - GET /webWiki/query
[2015-08-25 18:39:09.664] [DEBUG] normal - GET /webWiki/media/css/bootstrap.min.css
[2015-08-25 18:39:09.666] [DEBUG] normal - GET /webWiki/media/css/bootstrap-responsive.min.css
[2015-08-25 18:39:09.666] [DEBUG] normal - GET /webWiki/media/css/font-awesome.min.css
[2015-08-25 18:39:09.667] [DEBUG] normal - GET /webWiki/media/css/style-metro.css
[2015-08-25 18:39:09.668] [DEBUG] normal - GET /webWiki/media/css/style-responsive.css
[2015-08-25 18:39:09.669] [DEBUG] normal - GET /webWiki/media/css/style.css
[2015-08-25 18:39:09.672] [DEBUG] normal - GET /webWiki/media/css/DT_bootstrap.css
[2015-08-25 18:39:09.673] [DEBUG] normal - GET /webWiki/media/css/default.css
[2015-08-25 18:39:09.674] [DEBUG] normal - GET /webWiki/media/css/select2_metro.css
[2015-08-25 18:39:09.678] [DEBUG] normal - GET /webWiki/media/css/uniform.default.css
[2015-08-25 18:39:09.680] [DEBUG] normal - GET /webWiki/media/js/jquery-1.10.1.min.js
[2015-08-25 18:39:09.680] [DEBUG] normal - GET /webWiki/media/js/jquery-migrate-1.2.1.min.js
[2015-08-25 18:39:09.684] [DEBUG] normal - GET /webWiki/media/js/jquery-ui-1.10.1.custom.min.js
[2015-08-25 18:39:09.687] [DEBUG] normal - GET /webWiki/media/js/bootstrap.min.js
[2015-08-25 18:39:09.688] [DEBUG] normal - GET /webWiki/media/js/jquery.slimscroll.min.js
[2015-08-25 18:39:09.689] [DEBUG] normal - GET /webWiki/media/js/jquery.blockui.min.js
[2015-08-25 18:39:09.694] [DEBUG] normal - GET /webWiki/media/js/jquery.cookie.min.js
[2015-08-25 18:39:09.695] [DEBUG] normal - GET /webWiki/media/js/jquery.uniform.min.js
[2015-08-25 18:39:09.697] [DEBUG] normal - GET /webWiki/media/js/select2.min.js
[2015-08-25 18:39:09.700] [DEBUG] normal - GET /webWiki/media/js/jquery.dataTables.js
[2015-08-25 18:39:09.701] [DEBUG] normal - GET /webWiki/media/js/DT_bootstrap.js
[2015-08-25 18:39:09.703] [DEBUG] normal - GET /webWiki/media/js/app.js
[2015-08-25 18:39:09.705] [DEBUG] normal - GET /webWiki/media/js/table-managed.js
[2015-08-25 18:39:09.707] [DEBUG] normal - GET /webWiki/media/image/css
[2015-08-25 18:39:09.708] [DEBUG] normal - GET /webWiki/media/image/logo.png
[2015-08-25 18:39:09.710] [DEBUG] normal - GET /webWiki/media/image/menu-toggler.png
[2015-08-25 18:39:10.104] [DEBUG] normal - POST /webWiki/query
[2015-08-25 18:39:10.316] [DEBUG] normal - GET /webWiki/media/image/select2x2.png
[2015-08-25 18:39:10.366] [DEBUG] normal - GET /webWiki/media/image/favicon.ico
[2015-08-25 18:39:11.855] [DEBUG] normal - GET /webWiki/lock
[2015-08-25 18:39:11.926] [DEBUG] normal - GET /webWiki/media/css/bootstrap.min.css
[2015-08-25 18:39:11.928] [DEBUG] normal - GET /webWiki/media/css/bootstrap-responsive.min.css
[2015-08-25 18:39:11.928] [DEBUG] normal - GET /webWiki/media/css/font-awesome.min.css
[2015-08-25 18:39:11.929] [DEBUG] normal - GET /webWiki/media/css/style-metro.css
[2015-08-25 18:39:11.929] [DEBUG] normal - GET /webWiki/media/css/style.css
[2015-08-25 18:39:11.930] [DEBUG] normal - GET /webWiki/media/css/style-responsive.css
[2015-08-25 18:39:11.933] [DEBUG] normal - GET /webWiki/media/css/default.css
[2015-08-25 18:39:11.933] [DEBUG] normal - GET /webWiki/media/css/uniform.default.css
[2015-08-25 18:39:11.937] [DEBUG] normal - GET /webWiki/media/css/select2_metro.css
[2015-08-25 18:39:11.938] [DEBUG] normal - GET /webWiki/media/css/DT_bootstrap.css
[2015-08-25 18:39:11.938] [DEBUG] normal - GET /webWiki/media/js/jquery-1.10.1.min.js
[2015-08-25 18:39:11.939] [DEBUG] normal - GET /webWiki/media/js/jquery-migrate-1.2.1.min.js
[2015-08-25 18:39:11.941] [DEBUG] normal - GET /webWiki/media/js/jquery-ui-1.10.1.custom.min.js
[2015-08-25 18:39:11.943] [DEBUG] normal - GET /webWiki/media/js/bootstrap.min.js
[2015-08-25 18:39:11.945] [DEBUG] normal - GET /webWiki/media/js/jquery.slimscroll.min.js
[2015-08-25 18:39:11.946] [DEBUG] normal - GET /webWiki/media/js/jquery.blockui.min.js
[2015-08-25 18:39:11.947] [DEBUG] normal - GET /webWiki/media/js/jquery.cookie.min.js
[2015-08-25 18:39:11.947] [DEBUG] normal - GET /webWiki/media/js/jquery.uniform.min.js
[2015-08-25 18:39:11.949] [DEBUG] normal - GET /webWiki/media/js/select2.min.js
[2015-08-25 18:39:11.950] [DEBUG] normal - GET /webWiki/media/js/jquery.dataTables.js
[2015-08-25 18:39:11.952] [DEBUG] normal - GET /webWiki/media/image/css
[2015-08-25 18:39:11.955] [DEBUG] normal - GET /webWiki/media/js/DT_bootstrap.js
[2015-08-25 18:39:11.956] [DEBUG] normal - GET /webWiki/media/js/app.js
[2015-08-25 18:39:11.958] [DEBUG] normal - GET /webWiki/media/js/table-managed.js
[2015-08-25 18:39:11.959] [DEBUG] normal - GET /webWiki/media/image/logo.png
[2015-08-25 18:39:11.960] [DEBUG] normal - GET /webWiki/media/image/menu-toggler.png
[2015-08-25 18:39:12.230] [DEBUG] normal - POST /webWiki/query
[2015-08-25 18:39:12.465] [DEBUG] normal - GET /webWiki/media/image/select2x2.png
[2015-08-25 18:39:13.293] [DEBUG] normal - GET /webWiki/check
[2015-08-25 18:39:13.337] [DEBUG] normal - GET /webWiki/media/css/bootstrap.min.css
[2015-08-25 18:39:13.339] [DEBUG] normal - GET /webWiki/media/css/bootstrap-responsive.min.css
[2015-08-25 18:39:13.345] [DEBUG] normal - GET /webWiki/media/css/font-awesome.min.css
[2015-08-25 18:39:13.346] [DEBUG] normal - GET /webWiki/media/css/style-metro.css
[2015-08-25 18:39:13.347] [DEBUG] normal - GET /webWiki/media/css/style.css
[2015-08-25 18:39:13.348] [DEBUG] normal - GET /webWiki/media/css/style-responsive.css
[2015-08-25 18:39:13.350] [DEBUG] normal - GET /webWiki/media/css/default.css
[2015-08-25 18:39:13.351] [DEBUG] normal - GET /webWiki/media/css/uniform.default.css
[2015-08-25 18:39:13.353] [DEBUG] normal - GET /webWiki/media/css/select2_metro.css
[2015-08-25 18:39:13.353] [DEBUG] normal - GET /webWiki/media/css/DT_bootstrap.css
[2015-08-25 18:39:13.358] [DEBUG] normal - GET /webWiki/media/js/jquery-1.10.1.min.js
[2015-08-25 18:39:13.359] [DEBUG] normal - GET /webWiki/media/js/jquery-migrate-1.2.1.min.js
[2015-08-25 18:39:13.361] [DEBUG] normal - GET /webWiki/media/js/jquery-ui-1.10.1.custom.min.js
[2015-08-25 18:39:13.363] [DEBUG] normal - GET /webWiki/media/js/bootstrap.min.js
[2015-08-25 18:39:13.364] [DEBUG] normal - GET /webWiki/media/js/jquery.slimscroll.min.js
[2015-08-25 18:39:13.367] [DEBUG] normal - GET /webWiki/media/js/jquery.blockui.min.js
[2015-08-25 18:39:13.368] [DEBUG] normal - GET /webWiki/media/js/jquery.cookie.min.js
[2015-08-25 18:39:13.368] [DEBUG] normal - GET /webWiki/media/js/jquery.uniform.min.js
[2015-08-25 18:39:13.370] [DEBUG] normal - GET /webWiki/media/js/select2.min.js
[2015-08-25 18:39:13.370] [DEBUG] normal - GET /webWiki/media/image/css
[2015-08-25 18:39:13.371] [DEBUG] normal - GET /webWiki/media/js/jquery.dataTables.js
[2015-08-25 18:39:13.372] [DEBUG] normal - GET /webWiki/media/js/DT_bootstrap.js
[2015-08-25 18:39:13.373] [DEBUG] normal - GET /webWiki/media/js/app.js
[2015-08-25 18:39:13.376] [DEBUG] normal - GET /webWiki/media/js/table-managed.js
[2015-08-25 18:39:13.382] [DEBUG] normal - GET /webWiki/media/image/logo.png
[2015-08-25 18:39:13.383] [DEBUG] normal - GET /webWiki/media/image/menu-toggler.png
[2015-08-25 18:39:13.611] [DEBUG] normal - POST /webWiki/checkquery
[2015-08-25 18:39:13.662] [DEBUG] normal - GET /webWiki/media/image/select2x2.png
[2015-08-25 18:39:14.859] [DEBUG] normal - GET /webWiki/add
[2015-08-25 18:39:14.905] [DEBUG] normal - GET /webWiki/media/css/bootstrap.min.css
[2015-08-25 18:39:14.907] [DEBUG] normal - GET /webWiki/media/css/bootstrap-responsive.min.css
[2015-08-25 18:39:14.909] [DEBUG] normal - GET /webWiki/media/css/font-awesome.min.css
[2015-08-25 18:39:14.909] [DEBUG] normal - GET /webWiki/media/css/style-metro.css
[2015-08-25 18:39:14.910] [DEBUG] normal - GET /webWiki/media/css/style.css
[2015-08-25 18:39:14.911] [DEBUG] normal - GET /webWiki/media/css/style-responsive.css
[2015-08-25 18:39:14.915] [DEBUG] normal - GET /webWiki/media/css/uniform.default.css
[2015-08-25 18:39:14.916] [DEBUG] normal - GET /webWiki/media/css/login.css
[2015-08-25 18:39:14.917] [DEBUG] normal - GET /webWiki/media/css/default.css
[2015-08-25 18:39:14.918] [DEBUG] normal - GET /webWiki/media/js/jquery-migrate-1.2.1.min.js
[2015-08-25 18:39:14.919] [DEBUG] normal - GET /webWiki/media/js/jquery-ui-1.10.1.custom.min.js
[2015-08-25 18:39:14.920] [DEBUG] normal - GET /webWiki/media/js/bootstrap.min.js
[2015-08-25 18:39:14.922] [DEBUG] normal - GET /webWiki/media/js/jquery.slimscroll.min.js
[2015-08-25 18:39:14.923] [DEBUG] normal - GET /webWiki/media/js/jquery.blockui.min.js
[2015-08-25 18:39:14.923] [DEBUG] normal - GET /webWiki/media/js/jquery.cookie.min.js
[2015-08-25 18:39:14.929] [DEBUG] normal - GET /webWiki/media/js/jquery.uniform.min.js
[2015-08-25 18:39:14.932] [DEBUG] normal - GET /webWiki/media/js/jquery.validate.min.js
[2015-08-25 18:39:14.932] [DEBUG] normal - GET /webWiki/media/js/app.js
[2015-08-25 18:39:14.933] [DEBUG] normal - GET /webWiki/media/image/css
[2015-08-25 18:39:14.933] [DEBUG] normal - GET /webWiki/media/image/logo-big.png
[2015-08-25 18:39:14.973] [DEBUG] normal - GET /webWiki/media/image/remove-icon-small.png
[2015-08-25 18:39:14.975] [DEBUG] normal - GET /webWiki/media/image/syncfusion-icons-white.png
[2015-08-25 18:39:15.037] [DEBUG] normal - GET /webWiki/media/image/sprite.png
[2015-08-25 18:39:17.145] [DEBUG] normal - POST /admin/login
[2015-08-25 18:39:17.198] [DEBUG] normal - GET /admin/media/css/bootstrap.min.css
[2015-08-25 18:39:17.202] [DEBUG] normal - GET /admin/media/css/bootstrap-responsive.min.css
[2015-08-25 18:39:17.203] [DEBUG] normal - GET /admin/media/css/font-awesome.min.css
[2015-08-25 18:39:17.204] [DEBUG] normal - GET /admin/media/css/style-metro.css
[2015-08-25 18:39:17.207] [DEBUG] normal - GET /admin/media/css/style.css
[2015-08-25 18:39:17.208] [DEBUG] normal - GET /admin/media/css/style-responsive.css
[2015-08-25 18:39:17.212] [DEBUG] normal - GET /admin/media/css/default.css
[2015-08-25 18:39:17.213] [DEBUG] normal - GET /admin/media/css/uniform.default.css
[2015-08-25 18:39:17.216] [DEBUG] normal - GET /admin/media/js/jquery-1.10.1.min.js
[2015-08-25 18:39:17.220] [DEBUG] normal - GET /admin/media/js/jquery-migrate-1.2.1.min.js
[2015-08-25 18:39:17.223] [DEBUG] normal - GET /admin/media/js/jquery-ui-1.10.1.custom.min.js
[2015-08-25 18:39:17.224] [DEBUG] normal - GET /admin/media/js/bootstrap.min.js
[2015-08-25 18:39:17.227] [DEBUG] normal - GET /admin/media/js/jquery.slimscroll.min.js
[2015-08-25 18:39:17.230] [DEBUG] normal - GET /admin/media/js/jquery.blockui.min.js
[2015-08-25 18:39:17.233] [DEBUG] normal - GET /admin/media/js/jquery.cookie.min.js
[2015-08-25 18:39:17.235] [DEBUG] normal - GET /admin/media/image/css
[2015-08-25 18:39:17.238] [DEBUG] normal - GET /admin/media/js/jquery.uniform.min.js
[2015-08-25 18:39:17.239] [DEBUG] normal - GET /admin/media/js/app.js
[2015-08-25 18:39:17.249] [DEBUG] normal - GET /admin/media/image/logo.png
[2015-08-25 18:39:17.250] [DEBUG] normal - GET /admin/media/image/menu-toggler.png
